<?xml version="1.0" encoding="UTF-8"?>
<!-- Generated by org.testng.reporters.JUnitReportReporter -->
<testsuite hostname="LAPTOP-PRTCFI5V" failures="0" tests="1" name="Full.AutomationPractice.ContactUs" time="3.764" errors="0" timestamp="2022-05-23T14:43:16 AST" skipped="0">
  <testcase classname="Full.AutomationPractice.ContactUs" name="validateContactUs" time="3.764"/>
  <system-out/>
</testsuite> <!-- Full.AutomationPractice.ContactUs -->
