<?xml version="1.0" encoding="UTF-8"?>
<!-- Generated by org.testng.reporters.JUnitReportReporter -->
<testsuite hostname="LAPTOP-PRTCFI5V" failures="0" tests="1" name="Full.AutomationPractice.LoginPageTest" time="1.262" errors="0" timestamp="2022-05-16T13:35:24 AST" skipped="0">
  <testcase classname="Full.AutomationPractice.LoginPageTest" name="goToLoginPage" time="1.262"/>
  <system-out/>
</testsuite> <!-- Full.AutomationPractice.LoginPageTest -->
