<?xml version="1.0" encoding="UTF-8"?>
<!-- Generated by org.testng.reporters.JUnitReportReporter -->
<testsuite hostname="LAPTOP-PRTCFI5V" failures="0" tests="1" name="Full.AutomationPractice.IncorrectLoginTest" time="4.072" errors="0" timestamp="2022-05-23T10:01:04 AST" skipped="0">
  <testcase classname="Full.AutomationPractice.IncorrectLoginTest" name="validateIncorrectLogin" time="4.072"/>
  <system-out/>
</testsuite> <!-- Full.AutomationPractice.IncorrectLoginTest -->
