<?xml version="1.0" encoding="UTF-8"?>
<!-- Generated by org.testng.reporters.JUnitReportReporter -->
<testsuite hostname="LAPTOP-PRTCFI5V" failures="0" tests="1" name="Full.AutomationPractice.ExistingUserRegister" time="2.290" errors="0" timestamp="2022-05-23T13:27:33 AST" skipped="0">
  <testcase classname="Full.AutomationPractice.ExistingUserRegister" name="validateExistingEmailUser" time="2.290"/>
  <system-out/>
</testsuite> <!-- Full.AutomationPractice.ExistingUserRegister -->
