<?xml version="1.0" encoding="UTF-8"?>
<!-- Generated by org.testng.reporters.JUnitReportReporter -->
<testsuite hostname="LAPTOP-PRTCFI5V" failures="0" tests="2" name="Full.AutomationPractice.SignUpPageTest" time="2.875" errors="0" timestamp="2022-05-16T16:21:55 AST" skipped="0">
  <testcase classname="Full.AutomationPractice.SignUpPageTest" name="NewUserSignup" time="2.114"/>
  <system-out/>
  <testcase classname="Full.AutomationPractice.SignUpPageTest" name="addressDetails" time="0.761"/>
  <system-out/>
</testsuite> <!-- Full.AutomationPractice.SignUpPageTest -->
