<?xml version="1.0" encoding="UTF-8"?>
<!-- Generated by org.testng.reporters.JUnitReportReporter -->
<testsuite hostname="LAPTOP-PRTCFI5V" failures="0" tests="1" name="Full.AutomationPractice.CorrectLoginTest" time="9.381" errors="0" timestamp="2022-05-22T18:03:26 AST" skipped="0">
  <testcase classname="Full.AutomationPractice.CorrectLoginTest" name="validateCorrectLogin" time="9.381"/>
  <system-out/>
</testsuite> <!-- Full.AutomationPractice.CorrectLoginTest -->
