<?xml version="1.0" encoding="UTF-8"?>
<!-- Generated by org.testng.reporters.JUnitReportReporter -->
<testsuite hostname="LAPTOP-PRTCFI5V" failures="0" tests="2" name="Full.AutomationPractice.LoginPageTest" time="4.844" errors="0" timestamp="2022-05-23T14:50:59 AST" skipped="0">
  <testcase classname="Full.AutomationPractice.LoginPageTest" name="goToLoginPage" time="1.512"/>
  <system-out/>
  <testcase classname="Full.AutomationPractice.LoginPageTest" name="loginNewUser" time="3.332"/>
  <system-out/>
</testsuite> <!-- Full.AutomationPractice.LoginPageTest -->
