<?xml version="1.0" encoding="UTF-8"?>
<!-- Generated by org.testng.reporters.JUnitReportReporter -->
<testsuite hostname="LAPTOP-PRTCFI5V" failures="0" tests="1" name="Full.AutomationPractice.ContactUsTest" time="2.245" errors="0" timestamp="2022-05-23T15:04:59 AST" skipped="0">
  <testcase classname="Full.AutomationPractice.ContactUsTest" name="validateContactUs" time="2.245"/>
  <system-out/>
</testsuite> <!-- Full.AutomationPractice.ContactUsTest -->
