<?xml version="1.0" encoding="UTF-8"?>
<!-- Generated by org.testng.reporters.JUnitReportReporter -->
<testsuite hostname="LAPTOP-PRTCFI5V" failures="0" tests="2" name="Full.AutomationPractice.SignUpPageTest" time="4.204" errors="0" timestamp="2022-05-23T14:50:59 AST" skipped="0">
  <testcase classname="Full.AutomationPractice.SignUpPageTest" name="NewUserSignup" time="3.233"/>
  <system-out/>
  <testcase classname="Full.AutomationPractice.SignUpPageTest" name="addressDetails" time="0.971"/>
  <system-out/>
</testsuite> <!-- Full.AutomationPractice.SignUpPageTest -->
