<?xml version="1.0" encoding="UTF-8"?>
<!-- Generated by org.testng.reporters.JUnitReportReporter -->
<testsuite hostname="LAPTOP-PRTCFI5V" failures="0" tests="1" name="Full.AutomationPractice.HomePageTest" time="0.265" errors="0" timestamp="2022-05-17T11:54:20 AST" skipped="0">
  <testcase classname="Full.AutomationPractice.HomePageTest" name="ValidateHomePage" time="0.265"/>
  <system-out/>
</testsuite> <!-- Full.AutomationPractice.HomePageTest -->
