<?xml version="1.0" encoding="UTF-8"?>
<!-- Generated by org.testng.reporters.JUnitReportReporter -->
<testsuite hostname="LAPTOP-PRTCFI5V" failures="0" tests="1" name="Full.AutomationPractice.CorrectLoginTest" time="8.058" errors="0" timestamp="2022-05-23T15:04:59 AST" skipped="0">
  <testcase classname="Full.AutomationPractice.CorrectLoginTest" name="validateCorrectLogin" time="8.058"/>
  <system-out/>
</testsuite> <!-- Full.AutomationPractice.CorrectLoginTest -->
